This file contains any messages produced by compilers while
running configure, to aid debugging if configure makes a mistake.

It was created by configure, which was
generated by GNU Autoconf 2.69.  Invocation command line was

  $ ./configure 

## --------- ##
## Platform. ##
## --------- ##

hostname = ben-UX303UB
uname -m = x86_64
uname -r = 4.10.0-37-generic
uname -s = Linux
uname -v = #41~16.04.1-Ubuntu SMP Fri Oct 6 22:42:59 UTC 2017

/usr/bin/uname -p = unknown
/bin/uname -X     = unknown

/bin/arch              = unknown
/usr/bin/arch -k       = unknown
/usr/convex/getsysinfo = unknown
/usr/bin/hostinfo      = unknown
/bin/machine           = unknown
/usr/bin/oslevel       = unknown
/bin/universe          = unknown

PATH: /home/ben/bin
PATH: /home/ben/.local/bin
PATH: /opt/OpenPrinting-Gutenprint/sbin
PATH: /opt/OpenPrinting-Gutenprint/bin
PATH: /usr/local/sbin
PATH: /usr/local/bin
PATH: /usr/sbin
PATH: /usr/bin
PATH: /sbin
PATH: /bin
PATH: /usr/games
PATH: /usr/local/games
PATH: /snap/bin
PATH: /home/ben/.cabal/bin
PATH: /root/.cabal/bin
PATH: /home/ben/.gem/ruby/2.0.0/bin
PATH: /opt/flex-sdk/bin


## ----------- ##
## Core tests. ##
## ----------- ##

configure:2099: checking for grep that handles long lines and -e
configure:2157: result: /bin/grep
configure:2162: checking for egrep
configure:2224: result: /bin/grep -E
configure:2229: checking for a sed that does not truncate output
configure:2293: result: /bin/sed
configure:2432: checking for cc
configure:2448: found /usr/bin/cc
configure:2459: result: cc
configure:2490: checking for C compiler version
configure:2499: cc --version >&5
cc (Ubuntu 5.4.0-6ubuntu1~16.04.5) 5.4.0 20160609
Copyright (C) 2015 Free Software Foundation, Inc.
This is free software; see the source for copying conditions.  There is NO
warranty; not even for MERCHANTABILITY or FITNESS FOR A PARTICULAR PURPOSE.

configure:2510: $? = 0
configure:2499: cc -v >&5
Using built-in specs.
COLLECT_GCC=cc
COLLECT_LTO_WRAPPER=/usr/lib/gcc/x86_64-linux-gnu/5/lto-wrapper
Target: x86_64-linux-gnu
Configured with: ../src/configure -v --with-pkgversion='Ubuntu 5.4.0-6ubuntu1~16.04.5' --with-bugurl=file:///usr/share/doc/gcc-5/README.Bugs --enable-languages=c,ada,c++,java,go,d,fortran,objc,obj-c++ --prefix=/usr --program-suffix=-5 --enable-shared --enable-linker-build-id --libexecdir=/usr/lib --without-included-gettext --enable-threads=posix --libdir=/usr/lib --enable-nls --with-sysroot=/ --enable-clocale=gnu --enable-libstdcxx-debug --enable-libstdcxx-time=yes --with-default-libstdcxx-abi=new --enable-gnu-unique-object --disable-vtable-verify --enable-libmpx --enable-plugin --with-system-zlib --disable-browser-plugin --enable-java-awt=gtk --enable-gtk-cairo --with-java-home=/usr/lib/jvm/java-1.5.0-gcj-5-amd64/jre --enable-java-home --with-jvm-root-dir=/usr/lib/jvm/java-1.5.0-gcj-5-amd64 --with-jvm-jar-dir=/usr/lib/jvm-exports/java-1.5.0-gcj-5-amd64 --with-arch-directory=amd64 --with-ecj-jar=/usr/share/java/eclipse-ecj.jar --enable-objc-gc --enable-multiarch --disable-werror --with-arch-32=i686 --with-abi=m64 --with-multilib-list=m32,m64,mx32 --enable-multilib --with-tune=generic --enable-checking=release --build=x86_64-linux-gnu --host=x86_64-linux-gnu --target=x86_64-linux-gnu
Thread model: posix
gcc version 5.4.0 20160609 (Ubuntu 5.4.0-6ubuntu1~16.04.5) 
configure:2510: $? = 0
configure:2499: cc -V >&5
cc: error: unrecognized command line option '-V'
cc: fatal error: no input files
compilation terminated.
configure:2510: $? = 1
configure:2499: cc -qversion >&5
cc: error: unrecognized command line option '-qversion'
cc: fatal error: no input files
compilation terminated.
configure:2510: $? = 1
configure:2530: checking whether the C compiler works
configure:2552: cc    conftest.c  >&5
configure:2556: $? = 0
configure:2604: result: yes
configure:2607: checking for C compiler default output file name
configure:2609: result: a.out
configure:2615: checking for suffix of executables
configure:2622: cc -o conftest    conftest.c  >&5
configure:2626: $? = 0
configure:2648: result: 
configure:2670: checking whether we are cross compiling
configure:2678: cc -o conftest    conftest.c  >&5
configure:2682: $? = 0
configure:2689: ./conftest
configure:2693: $? = 0
configure:2708: result: no
configure:2713: checking for suffix of object files
configure:2735: cc -c   conftest.c >&5
configure:2739: $? = 0
configure:2760: result: o
configure:2764: checking whether we are using the GNU C compiler
configure:2783: cc -c   conftest.c >&5
configure:2783: $? = 0
configure:2792: result: yes
configure:2801: checking whether cc accepts -g
configure:2821: cc -c -g  conftest.c >&5
configure:2821: $? = 0
configure:2862: result: yes
configure:2879: checking for cc option to accept ISO C89
configure:2942: cc  -c -g -O2  conftest.c >&5
configure:2942: $? = 0
configure:2955: result: none needed
configure:2981: checking how to run the C preprocessor
configure:3012: cc -E  conftest.c
configure:3012: $? = 0
configure:3026: cc -E  conftest.c
conftest.c:9:28: fatal error: ac_nonexistent.h: No such file or directory
compilation terminated.
configure:3026: $? = 1
configure: failed program was:
| /* confdefs.h */
| #define PACKAGE_NAME ""
| #define PACKAGE_TARNAME ""
| #define PACKAGE_VERSION ""
| #define PACKAGE_STRING ""
| #define PACKAGE_BUGREPORT ""
| #define PACKAGE_URL ""
| /* end confdefs.h.  */
| #include <ac_nonexistent.h>
configure:3051: result: cc -E
configure:3071: cc -E  conftest.c
configure:3071: $? = 0
configure:3085: cc -E  conftest.c
conftest.c:9:28: fatal error: ac_nonexistent.h: No such file or directory
compilation terminated.
configure:3085: $? = 1
configure: failed program was:
| /* confdefs.h */
| #define PACKAGE_NAME ""
| #define PACKAGE_TARNAME ""
| #define PACKAGE_VERSION ""
| #define PACKAGE_STRING ""
| #define PACKAGE_BUGREPORT ""
| #define PACKAGE_URL ""
| /* end confdefs.h.  */
| #include <ac_nonexistent.h>
configure:3116: checking for icc
configure:3125: result: no
configure:3139: checking for suncc
configure:3148: result: no
configure:3166: checking whether cc understands -c and -o together
configure:3194: cc -c conftest.c -o conftest2.o >&5
configure:3198: $? = 0
configure:3204: cc -c conftest.c -o conftest2.o >&5
configure:3208: $? = 0
configure:3263: result: yes
configure:3277: checking for system library directory
configure:3292: result: lib
configure:3299: checking if compiler supports -R
configure:3318: cc -o conftest -g -O2   conftest.c -R /usr/lib  >&5
cc: error: unrecognized command line option '-R'
configure:3318: $? = 1
configure: failed program was:
| /* confdefs.h */
| #define PACKAGE_NAME ""
| #define PACKAGE_TARNAME ""
| #define PACKAGE_VERSION ""
| #define PACKAGE_STRING ""
| #define PACKAGE_BUGREPORT ""
| #define PACKAGE_URL ""
| /* end confdefs.h.  */
| 
| int
| main ()
| {
| 
|   ;
|   return 0;
| }
configure:3328: result: no
configure:3333: checking if compiler supports -Wl,-rpath,
configure:3352: cc -o conftest -g -O2   conftest.c -Wl,-rpath,/usr/lib  >&5
configure:3352: $? = 0
configure:3362: result: yes
configure:3407: checking build system type
configure:3421: result: x86_64-pc-linux-gnu
configure:3441: checking host system type
configure:3454: result: x86_64-pc-linux-gnu
configure:3474: checking target system type
configure:3487: result: x86_64-pc-linux-gnu
configure:3590: checking for PHP prefix
configure:3592: result: /usr
configure:3594: checking for PHP includes
configure:3596: result: -I/usr/include/php/20151012 -I/usr/include/php/20151012/main -I/usr/include/php/20151012/TSRM -I/usr/include/php/20151012/Zend -I/usr/include/php/20151012/ext -I/usr/include/php/20151012/ext/date/lib
configure:3598: checking for PHP extension directory
configure:3600: result: /usr/lib/php/20151012
configure:3602: checking for PHP installed headers prefix
configure:3604: result: /usr/include/php/20151012
configure:3607: checking if debug is enabled
configure:3633: result: no
configure:3636: checking if zts is enabled
configure:3662: result: no
configure:3733: checking for re2c
configure:3763: result: no
configure:3788: WARNING: You will need re2c 0.13.4 or later if you want to regenerate PHP parsers.
configure:3802: checking for gawk
configure:3819: found /usr/bin/gawk
configure:3830: result: gawk
configure:3873: checking whether to enable Zend OPcache support
configure:3912: result: yes, shared
configure:3921: checking rust target to link against
configure:3960: result: yes, shared
configure:4379: checking how to print strings
configure:4406: result: printf
configure:4427: checking for a sed that does not truncate output
configure:4491: result: /bin/sed
configure:4509: checking for fgrep
configure:4571: result: /bin/grep -F
configure:4606: checking for ld used by cc
configure:4673: result: /usr/bin/ld
configure:4680: checking if the linker (/usr/bin/ld) is GNU ld
configure:4695: result: yes
configure:4707: checking for BSD- or MS-compatible name lister (nm)
configure:4761: result: /usr/bin/nm -B
configure:4891: checking the name lister (/usr/bin/nm -B) interface
configure:4898: cc -c -g -O2  conftest.c >&5
configure:4901: /usr/bin/nm -B "conftest.o"
configure:4904: output
0000000000000000 B some_variable
configure:4911: result: BSD nm
configure:4914: checking whether ln -s works
configure:4918: result: yes
configure:4926: checking the maximum length of command line arguments
configure:5057: result: 1572864
configure:5105: checking how to convert x86_64-pc-linux-gnu file names to x86_64-pc-linux-gnu format
configure:5145: result: func_convert_file_noop
configure:5152: checking how to convert x86_64-pc-linux-gnu file names to toolchain format
configure:5172: result: func_convert_file_noop
configure:5179: checking for /usr/bin/ld option to reload object files
configure:5186: result: -r
configure:5260: checking for objdump
configure:5276: found /usr/bin/objdump
configure:5287: result: objdump
configure:5319: checking how to recognize dependent libraries
configure:5519: result: pass_all
configure:5604: checking for dlltool
configure:5634: result: no
configure:5664: checking how to associate runtime and link libraries
configure:5691: result: printf %s\n
configure:5751: checking for ar
configure:5767: found /usr/bin/ar
configure:5778: result: ar
configure:5815: checking for archiver @FILE support
configure:5832: cc -c -g -O2  conftest.c >&5
configure:5832: $? = 0
configure:5835: ar cru libconftest.a @conftest.lst >&5
ar: `u' modifier ignored since `D' is the default (see `U')
configure:5838: $? = 0
configure:5843: ar cru libconftest.a @conftest.lst >&5
ar: `u' modifier ignored since `D' is the default (see `U')
ar: conftest.o: No such file or directory
configure:5846: $? = 1
configure:5858: result: @
configure:5916: checking for strip
configure:5932: found /usr/bin/strip
configure:5943: result: strip
configure:6015: checking for ranlib
configure:6031: found /usr/bin/ranlib
configure:6042: result: ranlib
configure:6119: checking for gawk
configure:6146: result: gawk
configure:6186: checking command to parse /usr/bin/nm -B output from cc object
configure:6339: cc -c -g -O2  conftest.c >&5
configure:6342: $? = 0
configure:6346: /usr/bin/nm -B conftest.o \| sed -n -e 's/^.*[ ]\([ABCDGIRSTW][ABCDGIRSTW]*\)[ ][ ]*\([_A-Za-z][_A-Za-z0-9]*\)$/\1 \2 \2/p' | sed '/ __gnu_lto/d' \> conftest.nm
configure:6349: $? = 0
configure:6415: cc -o conftest -g -O2   -Wl,-rpath,/home/ben/Dev/pphp/target/debug -L/home/ben/Dev/pphp/target/debug conftest.c conftstm.o >&5
configure:6418: $? = 0
configure:6456: result: ok
configure:6503: checking for sysroot
configure:6533: result: no
configure:6540: checking for a working dd
configure:6578: result: /bin/dd
configure:6582: checking how to truncate binary pipes
configure:6597: result: /bin/dd bs=4096 count=1
configure:6733: cc -c -g -O2  conftest.c >&5
configure:6736: $? = 0
configure:6926: checking for mt
configure:6942: found /bin/mt
configure:6953: result: mt
configure:6976: checking if mt is a manifest tool
configure:6982: mt '-?'
configure:6990: result: no
configure:7662: checking for ANSI C header files
configure:7682: cc -c -g -O2  conftest.c >&5
configure:7682: $? = 0
configure:7755: cc -o conftest -g -O2   -Wl,-rpath,/home/ben/Dev/pphp/target/debug -L/home/ben/Dev/pphp/target/debug conftest.c  >&5
configure:7755: $? = 0
configure:7755: ./conftest
configure:7755: $? = 0
configure:7766: result: yes
configure:7779: checking for sys/types.h
configure:7779: cc -c -g -O2  conftest.c >&5
configure:7779: $? = 0
configure:7779: result: yes
configure:7779: checking for sys/stat.h
configure:7779: cc -c -g -O2  conftest.c >&5
configure:7779: $? = 0
configure:7779: result: yes
configure:7779: checking for stdlib.h
configure:7779: cc -c -g -O2  conftest.c >&5
configure:7779: $? = 0
configure:7779: result: yes
configure:7779: checking for string.h
configure:7779: cc -c -g -O2  conftest.c >&5
configure:7779: $? = 0
configure:7779: result: yes
configure:7779: checking for memory.h
configure:7779: cc -c -g -O2  conftest.c >&5
configure:7779: $? = 0
configure:7779: result: yes
configure:7779: checking for strings.h
configure:7779: cc -c -g -O2  conftest.c >&5
configure:7779: $? = 0
configure:7779: result: yes
configure:7779: checking for inttypes.h
configure:7779: cc -c -g -O2  conftest.c >&5
configure:7779: $? = 0
configure:7779: result: yes
configure:7779: checking for stdint.h
configure:7779: cc -c -g -O2  conftest.c >&5
configure:7779: $? = 0
configure:7779: result: yes
configure:7779: checking for unistd.h
configure:7779: cc -c -g -O2  conftest.c >&5
configure:7779: $? = 0
configure:7779: result: yes
configure:7793: checking for dlfcn.h
configure:7793: cc -c -g -O2  conftest.c >&5
configure:7793: $? = 0
configure:7793: result: yes
configure:8049: checking for objdir
configure:8064: result: .libs
configure:8328: checking if cc supports -fno-rtti -fno-exceptions
configure:8346: cc -c -g -O2  -fno-rtti -fno-exceptions conftest.c >&5
cc1: warning: command line option '-fno-rtti' is valid for C++/ObjC++ but not for C
configure:8350: $? = 0
configure:8363: result: no
configure:8721: checking for cc option to produce PIC
configure:8728: result: -fPIC -DPIC
configure:8736: checking if cc PIC flag -fPIC -DPIC works
configure:8754: cc -c -g -O2  -fPIC -DPIC -DPIC conftest.c >&5
configure:8758: $? = 0
configure:8771: result: yes
configure:8800: checking if cc static flag -static works
configure:8828: result: yes
configure:8843: checking if cc supports -c -o file.o
configure:8864: cc -c -g -O2  -o out/conftest2.o conftest.c >&5
configure:8868: $? = 0
configure:8890: result: yes
configure:8898: checking if cc supports -c -o file.o
configure:8945: result: yes
configure:8978: checking whether the cc linker (/usr/bin/ld -m elf_x86_64) supports shared libraries
configure:10241: result: yes
configure:10278: checking whether -lc should be explicitly linked in
configure:10286: cc -c -g -O2  conftest.c >&5
configure:10289: $? = 0
configure:10304: cc -shared  -fPIC -DPIC conftest.o  -v -Wl,-soname -Wl,conftest -o conftest 2\>\&1 \| /bin/grep  -lc  \>/dev/null 2\>\&1
configure:10307: $? = 0
configure:10321: result: no
configure:10481: checking dynamic linker characteristics
configure:11062: cc -o conftest -g -O2   -Wl,-rpath,/home/ben/Dev/pphp/target/debug -L/home/ben/Dev/pphp/target/debug -Wl,-rpath -Wl,/foo conftest.c  >&5
configure:11062: $? = 0
configure:11311: result: GNU/Linux ld.so
configure:11433: checking how to hardcode library paths into programs
configure:11458: result: immediate
configure:12006: checking whether stripping libraries is possible
configure:12011: result: yes
configure:12046: checking if libtool supports shared libraries
configure:12048: result: yes
configure:12051: checking whether to build shared libraries
configure:12076: result: yes
configure:12079: checking whether to build static libraries
configure:12083: result: no
configure:12359: creating ./config.status

## ---------------------- ##
## Running config.status. ##
## ---------------------- ##

This file was extended by config.status, which was
generated by GNU Autoconf 2.69.  Invocation command line was

  CONFIG_FILES    = 
  CONFIG_HEADERS  = 
  CONFIG_LINKS    = 
  CONFIG_COMMANDS = 
  $ ./config.status 

on ben-UX303UB

config.status:888: creating config.h
config.status:978: config.h is unchanged
config.status:992: executing libtool commands

## ---------------- ##
## Cache variables. ##
## ---------------- ##

ac_cv_build=x86_64-pc-linux-gnu
ac_cv_c_compiler_gnu=yes
ac_cv_env_CC_set=
ac_cv_env_CC_value=
ac_cv_env_CFLAGS_set=
ac_cv_env_CFLAGS_value=
ac_cv_env_CPPFLAGS_set=
ac_cv_env_CPPFLAGS_value=
ac_cv_env_CPP_set=
ac_cv_env_CPP_value=
ac_cv_env_LDFLAGS_set=
ac_cv_env_LDFLAGS_value=
ac_cv_env_LIBS_set=
ac_cv_env_LIBS_value=
ac_cv_env_LT_SYS_LIBRARY_PATH_set=
ac_cv_env_LT_SYS_LIBRARY_PATH_value=
ac_cv_env_build_alias_set=
ac_cv_env_build_alias_value=
ac_cv_env_host_alias_set=
ac_cv_env_host_alias_value=
ac_cv_env_target_alias_set=
ac_cv_env_target_alias_value=
ac_cv_header_dlfcn_h=yes
ac_cv_header_inttypes_h=yes
ac_cv_header_memory_h=yes
ac_cv_header_stdc=yes
ac_cv_header_stdint_h=yes
ac_cv_header_stdlib_h=yes
ac_cv_header_string_h=yes
ac_cv_header_strings_h=yes
ac_cv_header_sys_stat_h=yes
ac_cv_header_sys_types_h=yes
ac_cv_header_unistd_h=yes
ac_cv_host=x86_64-pc-linux-gnu
ac_cv_objext=o
ac_cv_path_EGREP='/bin/grep -E'
ac_cv_path_FGREP='/bin/grep -F'
ac_cv_path_GREP=/bin/grep
ac_cv_path_SED=/bin/sed
ac_cv_path_lt_DD=/bin/dd
ac_cv_prog_AWK=gawk
ac_cv_prog_CPP='cc -E'
ac_cv_prog_ac_ct_AR=ar
ac_cv_prog_ac_ct_CC=cc
ac_cv_prog_ac_ct_MANIFEST_TOOL=mt
ac_cv_prog_ac_ct_OBJDUMP=objdump
ac_cv_prog_ac_ct_RANLIB=ranlib
ac_cv_prog_ac_ct_STRIP=strip
ac_cv_prog_cc_c89=
ac_cv_prog_cc_cc_c_o=yes
ac_cv_prog_cc_g=yes
ac_cv_target=x86_64-pc-linux-gnu
lt_cv_ar_at_file=@
lt_cv_archive_cmds_need_lc=no
lt_cv_deplibs_check_method=pass_all
lt_cv_file_magic_cmd='$MAGIC_CMD'
lt_cv_file_magic_test_file=
lt_cv_ld_reload_flag=-r
lt_cv_nm_interface='BSD nm'
lt_cv_objdir=.libs
lt_cv_path_LD=/usr/bin/ld
lt_cv_path_NM='/usr/bin/nm -B'
lt_cv_path_mainfest_tool=no
lt_cv_prog_compiler_c_o=yes
lt_cv_prog_compiler_pic='-fPIC -DPIC'
lt_cv_prog_compiler_pic_works=yes
lt_cv_prog_compiler_rtti_exceptions=no
lt_cv_prog_compiler_static_works=yes
lt_cv_prog_gnu_ld=yes
lt_cv_sharedlib_from_linklib_cmd='printf %s\n'
lt_cv_shlibpath_overrides_runpath=no
lt_cv_sys_global_symbol_pipe='sed -n -e '\''s/^.*[	 ]\([ABCDGIRSTW][ABCDGIRSTW]*\)[	 ][	 ]*\([_A-Za-z][_A-Za-z0-9]*\)$/\1 \2 \2/p'\'' | sed '\''/ __gnu_lto/d'\'''
lt_cv_sys_global_symbol_to_c_name_address='sed -n -e '\''s/^: \(.*\) .*$/  {"\1", (void *) 0},/p'\'' -e '\''s/^[ABCDGIRSTW][ABCDGIRSTW]* .* \(.*\)$/  {"\1", (void *) \&\1},/p'\'''
lt_cv_sys_global_symbol_to_c_name_address_lib_prefix='sed -n -e '\''s/^: \(.*\) .*$/  {"\1", (void *) 0},/p'\'' -e '\''s/^[ABCDGIRSTW][ABCDGIRSTW]* .* \(lib.*\)$/  {"\1", (void *) \&\1},/p'\'' -e '\''s/^[ABCDGIRSTW][ABCDGIRSTW]* .* \(.*\)$/  {"lib\1", (void *) \&\1},/p'\'''
lt_cv_sys_global_symbol_to_cdecl='sed -n -e '\''s/^T .* \(.*\)$/extern int \1();/p'\'' -e '\''s/^[ABCDGIRSTW][ABCDGIRSTW]* .* \(.*\)$/extern char \1;/p'\'''
lt_cv_sys_global_symbol_to_import=
lt_cv_sys_max_cmd_len=1572864
lt_cv_to_host_file_cmd=func_convert_file_noop
lt_cv_to_tool_file_cmd=func_convert_file_noop
lt_cv_truncate_bin='/bin/dd bs=4096 count=1'
php_cv_cc_dashr=no
php_cv_cc_rpath=yes

## ----------------- ##
## Output variables. ##
## ----------------- ##

AR='ar'
AWK='gawk'
CC='cc'
CFLAGS='-g -O2'
CONFIGURE_COMMAND=' '\''./configure'\'' '
CONFIGURE_OPTIONS=''
CPP='cc -E'
CPPFLAGS=' -DHAVE_CONFIG_H'
DEFS='-DHAVE_CONFIG_H'
DLLTOOL='false'
DSYMUTIL=''
DUMPBIN=''
ECHO_C=''
ECHO_N='-n'
ECHO_T=''
EGREP='/bin/grep -E'
EXEEXT=''
FGREP='/bin/grep -F'
GREP='/bin/grep'
LD='/usr/bin/ld -m elf_x86_64'
LDFLAGS=' -Wl,-rpath,/home/ben/Dev/pphp/target/debug -L/home/ben/Dev/pphp/target/debug'
LIBOBJS=''
LIBS=''
LIBTOOL='$(SHELL) $(top_builddir)/libtool'
LIPO=''
LN_S='ln -s'
LTLIBOBJS=''
LT_SYS_LIBRARY_PATH=''
MANIFEST_TOOL=':'
NM='/usr/bin/nm -B'
NMEDIT=''
OBJDUMP='objdump'
OBJEXT='o'
OTOOL64=''
OTOOL=''
PACKAGE_BUGREPORT=''
PACKAGE_NAME=''
PACKAGE_STRING=''
PACKAGE_TARNAME=''
PACKAGE_URL=''
PACKAGE_VERSION=''
PATH_SEPARATOR=':'
RANLIB='ranlib'
RE2C='exit 0;'
SED='/bin/sed'
SHELL='/bin/bash'
SHLIB_DL_SUFFIX_NAME='so'
SHLIB_SUFFIX_NAME='so'
STRIP='strip'
ac_ct_AR='ar'
ac_ct_CC='cc'
ac_ct_DUMPBIN=''
bindir='${exec_prefix}/bin'
build='x86_64-pc-linux-gnu'
build_alias=''
build_cpu='x86_64'
build_os='linux-gnu'
build_vendor='pc'
datadir='${datarootdir}'
datarootdir='${prefix}/share'
docdir='${datarootdir}/doc/${PACKAGE}'
dvidir='${docdir}'
exec_prefix='$(prefix)'
host='x86_64-pc-linux-gnu'
host_alias='x86_64-pc-linux-gnu'
host_cpu='x86_64'
host_os='linux-gnu'
host_vendor='pc'
htmldir='${docdir}'
includedir='${prefix}/include'
infodir='${datarootdir}/info'
libdir='${exec_prefix}/lib'
libexecdir='${exec_prefix}/libexec'
localedir='${datarootdir}/locale'
localstatedir='${prefix}/var'
mandir='${datarootdir}/man'
oldincludedir='/usr/include'
pdfdir='${docdir}'
prefix='/usr'
program_transform_name='s,x,x,'
psdir='${docdir}'
runstatedir='${localstatedir}/run'
sbindir='${exec_prefix}/sbin'
sharedstatedir='${prefix}/com'
sysconfdir='${prefix}/etc'
target='x86_64-pc-linux-gnu'
target_alias=''
target_cpu='x86_64'
target_os='linux-gnu'
target_vendor='pc'

## ----------- ##
## confdefs.h. ##
## ----------- ##

/* confdefs.h */
#define PACKAGE_NAME ""
#define PACKAGE_TARNAME ""
#define PACKAGE_VERSION ""
#define PACKAGE_STRING ""
#define PACKAGE_BUGREPORT ""
#define PACKAGE_URL ""
#define COMPILE_DL_PPHP 1
#define STDC_HEADERS 1
#define HAVE_SYS_TYPES_H 1
#define HAVE_SYS_STAT_H 1
#define HAVE_STDLIB_H 1
#define HAVE_STRING_H 1
#define HAVE_MEMORY_H 1
#define HAVE_STRINGS_H 1
#define HAVE_INTTYPES_H 1
#define HAVE_STDINT_H 1
#define HAVE_UNISTD_H 1
#define HAVE_DLFCN_H 1
#define LT_OBJDIR ".libs/"

configure: exit 0
